INFO - 2023-06-20 00:00:02 --> Session: Class initialized using 'CodeIgniter\Session\Handlers\FileHandler' driver.
CRITICAL - 2023-06-20 00:00:02 --> count(): Parameter must be an array or an object that implements Countable
in APPPATH\Controllers\BaseController.php on line 288.
 1 [internal function]: CodeIgniter\Debug\Exceptions->errorHandler(2, 'count(): Parameter must be an array or an object that implements Countable', 'C:\\wamp64\\www\\MajstorNaKlik\\project_MajstorNaKlik\\Dokumentacija\\Faza 5\\app\\Controllers\\BaseController.php', 288, [...])
 2 APPPATH\Controllers\BaseController.php(288): count(null)
 3 SYSTEMPATH\CodeIgniter.php(934): App\Controllers\BaseController->fetchNextResults()
 4 SYSTEMPATH\CodeIgniter.php(499): CodeIgniter\CodeIgniter->runController(Object(App\Controllers\Gost))
 5 SYSTEMPATH\CodeIgniter.php(368): CodeIgniter\CodeIgniter->handleRequest(null, Object(Config\Cache), false)
 6 FCPATH\index.php(67): CodeIgniter\CodeIgniter->run()
 7 SYSTEMPATH\Commands\Server\rewrite.php(47): require_once('C:\\wamp64\\www\\MajstorNaKlik\\project_MajstorNaKlik\\Dokumentacija\\Faza 5\\public\\index.php')
INFO - 2023-06-20 00:00:02 --> Session: Class initialized using 'CodeIgniter\Session\Handlers\FileHandler' driver.
CRITICAL - 2023-06-20 00:00:02 --> count(): Parameter must be an array or an object that implements Countable
in APPPATH\Controllers\BaseController.php on line 288.
 1 [internal function]: CodeIgniter\Debug\Exceptions->errorHandler(2, 'count(): Parameter must be an array or an object that implements Countable', 'C:\\wamp64\\www\\MajstorNaKlik\\project_MajstorNaKlik\\Dokumentacija\\Faza 5\\app\\Controllers\\BaseController.php', 288, [...])
 2 APPPATH\Controllers\BaseController.php(288): count(null)
 3 SYSTEMPATH\CodeIgniter.php(934): App\Controllers\BaseController->fetchNextResults()
 4 SYSTEMPATH\CodeIgniter.php(499): CodeIgniter\CodeIgniter->runController(Object(App\Controllers\Gost))
 5 SYSTEMPATH\CodeIgniter.php(368): CodeIgniter\CodeIgniter->handleRequest(null, Object(Config\Cache), false)
 6 FCPATH\index.php(67): CodeIgniter\CodeIgniter->run()
 7 SYSTEMPATH\Commands\Server\rewrite.php(47): require_once('C:\\wamp64\\www\\MajstorNaKlik\\project_MajstorNaKlik\\Dokumentacija\\Faza 5\\public\\index.php')
INFO - 2023-06-20 00:00:02 --> Session: Class initialized using 'CodeIgniter\Session\Handlers\FileHandler' driver.
CRITICAL - 2023-06-20 00:00:02 --> count(): Parameter must be an array or an object that implements Countable
in APPPATH\Controllers\BaseController.php on line 288.
 1 [internal function]: CodeIgniter\Debug\Exceptions->errorHandler(2, 'count(): Parameter must be an array or an object that implements Countable', 'C:\\wamp64\\www\\MajstorNaKlik\\project_MajstorNaKlik\\Dokumentacija\\Faza 5\\app\\Controllers\\BaseController.php', 288, [...])
 2 APPPATH\Controllers\BaseController.php(288): count(null)
 3 SYSTEMPATH\CodeIgniter.php(934): App\Controllers\BaseController->fetchNextResults()
 4 SYSTEMPATH\CodeIgniter.php(499): CodeIgniter\CodeIgniter->runController(Object(App\Controllers\Gost))
 5 SYSTEMPATH\CodeIgniter.php(368): CodeIgniter\CodeIgniter->handleRequest(null, Object(Config\Cache), false)
 6 FCPATH\index.php(67): CodeIgniter\CodeIgniter->run()
 7 SYSTEMPATH\Commands\Server\rewrite.php(47): require_once('C:\\wamp64\\www\\MajstorNaKlik\\project_MajstorNaKlik\\Dokumentacija\\Faza 5\\public\\index.php')
INFO - 2023-06-20 00:00:02 --> Session: Class initialized using 'CodeIgniter\Session\Handlers\FileHandler' driver.
CRITICAL - 2023-06-20 00:00:02 --> count(): Parameter must be an array or an object that implements Countable
in APPPATH\Controllers\BaseController.php on line 288.
 1 [internal function]: CodeIgniter\Debug\Exceptions->errorHandler(2, 'count(): Parameter must be an array or an object that implements Countable', 'C:\\wamp64\\www\\MajstorNaKlik\\project_MajstorNaKlik\\Dokumentacija\\Faza 5\\app\\Controllers\\BaseController.php', 288, [...])
 2 APPPATH\Controllers\BaseController.php(288): count(null)
 3 SYSTEMPATH\CodeIgniter.php(934): App\Controllers\BaseController->fetchNextResults()
 4 SYSTEMPATH\CodeIgniter.php(499): CodeIgniter\CodeIgniter->runController(Object(App\Controllers\Gost))
 5 SYSTEMPATH\CodeIgniter.php(368): CodeIgniter\CodeIgniter->handleRequest(null, Object(Config\Cache), false)
 6 FCPATH\index.php(67): CodeIgniter\CodeIgniter->run()
 7 SYSTEMPATH\Commands\Server\rewrite.php(47): require_once('C:\\wamp64\\www\\MajstorNaKlik\\project_MajstorNaKlik\\Dokumentacija\\Faza 5\\public\\index.php')
INFO - 2023-06-20 00:00:02 --> Session: Class initialized using 'CodeIgniter\Session\Handlers\FileHandler' driver.
CRITICAL - 2023-06-20 00:00:02 --> count(): Parameter must be an array or an object that implements Countable
in APPPATH\Controllers\BaseController.php on line 288.
 1 [internal function]: CodeIgniter\Debug\Exceptions->errorHandler(2, 'count(): Parameter must be an array or an object that implements Countable', 'C:\\wamp64\\www\\MajstorNaKlik\\project_MajstorNaKlik\\Dokumentacija\\Faza 5\\app\\Controllers\\BaseController.php', 288, [...])
 2 APPPATH\Controllers\BaseController.php(288): count(null)
 3 SYSTEMPATH\CodeIgniter.php(934): App\Controllers\BaseController->fetchNextResults()
 4 SYSTEMPATH\CodeIgniter.php(499): CodeIgniter\CodeIgniter->runController(Object(App\Controllers\Gost))
 5 SYSTEMPATH\CodeIgniter.php(368): CodeIgniter\CodeIgniter->handleRequest(null, Object(Config\Cache), false)
 6 FCPATH\index.php(67): CodeIgniter\CodeIgniter->run()
 7 SYSTEMPATH\Commands\Server\rewrite.php(47): require_once('C:\\wamp64\\www\\MajstorNaKlik\\project_MajstorNaKlik\\Dokumentacija\\Faza 5\\public\\index.php')
INFO - 2023-06-20 00:00:02 --> Session: Class initialized using 'CodeIgniter\Session\Handlers\FileHandler' driver.
CRITICAL - 2023-06-20 00:00:02 --> count(): Parameter must be an array or an object that implements Countable
in APPPATH\Controllers\BaseController.php on line 288.
 1 [internal function]: CodeIgniter\Debug\Exceptions->errorHandler(2, 'count(): Parameter must be an array or an object that implements Countable', 'C:\\wamp64\\www\\MajstorNaKlik\\project_MajstorNaKlik\\Dokumentacija\\Faza 5\\app\\Controllers\\BaseController.php', 288, [...])
 2 APPPATH\Controllers\BaseController.php(288): count(null)
 3 SYSTEMPATH\CodeIgniter.php(934): App\Controllers\BaseController->fetchNextResults()
 4 SYSTEMPATH\CodeIgniter.php(499): CodeIgniter\CodeIgniter->runController(Object(App\Controllers\Gost))
 5 SYSTEMPATH\CodeIgniter.php(368): CodeIgniter\CodeIgniter->handleRequest(null, Object(Config\Cache), false)
 6 FCPATH\index.php(67): CodeIgniter\CodeIgniter->run()
 7 SYSTEMPATH\Commands\Server\rewrite.php(47): require_once('C:\\wamp64\\www\\MajstorNaKlik\\project_MajstorNaKlik\\Dokumentacija\\Faza 5\\public\\index.php')
INFO - 2023-06-20 00:00:02 --> Session: Class initialized using 'CodeIgniter\Session\Handlers\FileHandler' driver.
CRITICAL - 2023-06-20 00:00:02 --> count(): Parameter must be an array or an object that implements Countable
in APPPATH\Controllers\BaseController.php on line 288.
 1 [internal function]: CodeIgniter\Debug\Exceptions->errorHandler(2, 'count(): Parameter must be an array or an object that implements Countable', 'C:\\wamp64\\www\\MajstorNaKlik\\project_MajstorNaKlik\\Dokumentacija\\Faza 5\\app\\Controllers\\BaseController.php', 288, [...])
 2 APPPATH\Controllers\BaseController.php(288): count(null)
 3 SYSTEMPATH\CodeIgniter.php(934): App\Controllers\BaseController->fetchNextResults()
 4 SYSTEMPATH\CodeIgniter.php(499): CodeIgniter\CodeIgniter->runController(Object(App\Controllers\Gost))
 5 SYSTEMPATH\CodeIgniter.php(368): CodeIgniter\CodeIgniter->handleRequest(null, Object(Config\Cache), false)
 6 FCPATH\index.php(67): CodeIgniter\CodeIgniter->run()
 7 SYSTEMPATH\Commands\Server\rewrite.php(47): require_once('C:\\wamp64\\www\\MajstorNaKlik\\project_MajstorNaKlik\\Dokumentacija\\Faza 5\\public\\index.php')
INFO - 2023-06-20 00:00:02 --> Session: Class initialized using 'CodeIgniter\Session\Handlers\FileHandler' driver.
CRITICAL - 2023-06-20 00:00:02 --> count(): Parameter must be an array or an object that implements Countable
in APPPATH\Controllers\BaseController.php on line 288.
 1 [internal function]: CodeIgniter\Debug\Exceptions->errorHandler(2, 'count(): Parameter must be an array or an object that implements Countable', 'C:\\wamp64\\www\\MajstorNaKlik\\project_MajstorNaKlik\\Dokumentacija\\Faza 5\\app\\Controllers\\BaseController.php', 288, [...])
 2 APPPATH\Controllers\BaseController.php(288): count(null)
 3 SYSTEMPATH\CodeIgniter.php(934): App\Controllers\BaseController->fetchNextResults()
 4 SYSTEMPATH\CodeIgniter.php(499): CodeIgniter\CodeIgniter->runController(Object(App\Controllers\Gost))
 5 SYSTEMPATH\CodeIgniter.php(368): CodeIgniter\CodeIgniter->handleRequest(null, Object(Config\Cache), false)
 6 FCPATH\index.php(67): CodeIgniter\CodeIgniter->run()
 7 SYSTEMPATH\Commands\Server\rewrite.php(47): require_once('C:\\wamp64\\www\\MajstorNaKlik\\project_MajstorNaKlik\\Dokumentacija\\Faza 5\\public\\index.php')
INFO - 2023-06-20 00:00:03 --> Session: Class initialized using 'CodeIgniter\Session\Handlers\FileHandler' driver.
CRITICAL - 2023-06-20 00:00:03 --> count(): Parameter must be an array or an object that implements Countable
in APPPATH\Controllers\BaseController.php on line 288.
 1 [internal function]: CodeIgniter\Debug\Exceptions->errorHandler(2, 'count(): Parameter must be an array or an object that implements Countable', 'C:\\wamp64\\www\\MajstorNaKlik\\project_MajstorNaKlik\\Dokumentacija\\Faza 5\\app\\Controllers\\BaseController.php', 288, [...])
 2 APPPATH\Controllers\BaseController.php(288): count(null)
 3 SYSTEMPATH\CodeIgniter.php(934): App\Controllers\BaseController->fetchNextResults()
 4 SYSTEMPATH\CodeIgniter.php(499): CodeIgniter\CodeIgniter->runController(Object(App\Controllers\Gost))
 5 SYSTEMPATH\CodeIgniter.php(368): CodeIgniter\CodeIgniter->handleRequest(null, Object(Config\Cache), false)
 6 FCPATH\index.php(67): CodeIgniter\CodeIgniter->run()
 7 SYSTEMPATH\Commands\Server\rewrite.php(47): require_once('C:\\wamp64\\www\\MajstorNaKlik\\project_MajstorNaKlik\\Dokumentacija\\Faza 5\\public\\index.php')
INFO - 2023-06-20 00:00:03 --> Session: Class initialized using 'CodeIgniter\Session\Handlers\FileHandler' driver.
CRITICAL - 2023-06-20 00:00:03 --> count(): Parameter must be an array or an object that implements Countable
in APPPATH\Controllers\BaseController.php on line 288.
 1 [internal function]: CodeIgniter\Debug\Exceptions->errorHandler(2, 'count(): Parameter must be an array or an object that implements Countable', 'C:\\wamp64\\www\\MajstorNaKlik\\project_MajstorNaKlik\\Dokumentacija\\Faza 5\\app\\Controllers\\BaseController.php', 288, [...])
 2 APPPATH\Controllers\BaseController.php(288): count(null)
 3 SYSTEMPATH\CodeIgniter.php(934): App\Controllers\BaseController->fetchNextResults()
 4 SYSTEMPATH\CodeIgniter.php(499): CodeIgniter\CodeIgniter->runController(Object(App\Controllers\Gost))
 5 SYSTEMPATH\CodeIgniter.php(368): CodeIgniter\CodeIgniter->handleRequest(null, Object(Config\Cache), false)
 6 FCPATH\index.php(67): CodeIgniter\CodeIgniter->run()
 7 SYSTEMPATH\Commands\Server\rewrite.php(47): require_once('C:\\wamp64\\www\\MajstorNaKlik\\project_MajstorNaKlik\\Dokumentacija\\Faza 5\\public\\index.php')
INFO - 2023-06-20 00:00:03 --> Session: Class initialized using 'CodeIgniter\Session\Handlers\FileHandler' driver.
CRITICAL - 2023-06-20 00:00:03 --> count(): Parameter must be an array or an object that implements Countable
in APPPATH\Controllers\BaseController.php on line 288.
 1 [internal function]: CodeIgniter\Debug\Exceptions->errorHandler(2, 'count(): Parameter must be an array or an object that implements Countable', 'C:\\wamp64\\www\\MajstorNaKlik\\project_MajstorNaKlik\\Dokumentacija\\Faza 5\\app\\Controllers\\BaseController.php', 288, [...])
 2 APPPATH\Controllers\BaseController.php(288): count(null)
 3 SYSTEMPATH\CodeIgniter.php(934): App\Controllers\BaseController->fetchNextResults()
 4 SYSTEMPATH\CodeIgniter.php(499): CodeIgniter\CodeIgniter->runController(Object(App\Controllers\Gost))
 5 SYSTEMPATH\CodeIgniter.php(368): CodeIgniter\CodeIgniter->handleRequest(null, Object(Config\Cache), false)
 6 FCPATH\index.php(67): CodeIgniter\CodeIgniter->run()
 7 SYSTEMPATH\Commands\Server\rewrite.php(47): require_once('C:\\wamp64\\www\\MajstorNaKlik\\project_MajstorNaKlik\\Dokumentacija\\Faza 5\\public\\index.php')
INFO - 2023-06-20 00:00:03 --> Session: Class initialized using 'CodeIgniter\Session\Handlers\FileHandler' driver.
CRITICAL - 2023-06-20 00:00:03 --> count(): Parameter must be an array or an object that implements Countable
in APPPATH\Controllers\BaseController.php on line 288.
 1 [internal function]: CodeIgniter\Debug\Exceptions->errorHandler(2, 'count(): Parameter must be an array or an object that implements Countable', 'C:\\wamp64\\www\\MajstorNaKlik\\project_MajstorNaKlik\\Dokumentacija\\Faza 5\\app\\Controllers\\BaseController.php', 288, [...])
 2 APPPATH\Controllers\BaseController.php(288): count(null)
 3 SYSTEMPATH\CodeIgniter.php(934): App\Controllers\BaseController->fetchNextResults()
 4 SYSTEMPATH\CodeIgniter.php(499): CodeIgniter\CodeIgniter->runController(Object(App\Controllers\Gost))
 5 SYSTEMPATH\CodeIgniter.php(368): CodeIgniter\CodeIgniter->handleRequest(null, Object(Config\Cache), false)
 6 FCPATH\index.php(67): CodeIgniter\CodeIgniter->run()
 7 SYSTEMPATH\Commands\Server\rewrite.php(47): require_once('C:\\wamp64\\www\\MajstorNaKlik\\project_MajstorNaKlik\\Dokumentacija\\Faza 5\\public\\index.php')
INFO - 2023-06-20 00:00:03 --> Session: Class initialized using 'CodeIgniter\Session\Handlers\FileHandler' driver.
CRITICAL - 2023-06-20 00:00:03 --> count(): Parameter must be an array or an object that implements Countable
in APPPATH\Controllers\BaseController.php on line 288.
 1 [internal function]: CodeIgniter\Debug\Exceptions->errorHandler(2, 'count(): Parameter must be an array or an object that implements Countable', 'C:\\wamp64\\www\\MajstorNaKlik\\project_MajstorNaKlik\\Dokumentacija\\Faza 5\\app\\Controllers\\BaseController.php', 288, [...])
 2 APPPATH\Controllers\BaseController.php(288): count(null)
 3 SYSTEMPATH\CodeIgniter.php(934): App\Controllers\BaseController->fetchNextResults()
 4 SYSTEMPATH\CodeIgniter.php(499): CodeIgniter\CodeIgniter->runController(Object(App\Controllers\Gost))
 5 SYSTEMPATH\CodeIgniter.php(368): CodeIgniter\CodeIgniter->handleRequest(null, Object(Config\Cache), false)
 6 FCPATH\index.php(67): CodeIgniter\CodeIgniter->run()
 7 SYSTEMPATH\Commands\Server\rewrite.php(47): require_once('C:\\wamp64\\www\\MajstorNaKlik\\project_MajstorNaKlik\\Dokumentacija\\Faza 5\\public\\index.php')
INFO - 2023-06-20 00:00:10 --> Session: Class initialized using 'CodeIgniter\Session\Handlers\FileHandler' driver.
INFO - 2023-06-20 00:00:10 --> Session: Class initialized using 'CodeIgniter\Session\Handlers\FileHandler' driver.
INFO - 2023-06-20 00:00:10 --> Session: Class initialized using 'CodeIgniter\Session\Handlers\FileHandler' driver.
INFO - 2023-06-20 00:00:10 --> Session: Class initialized using 'CodeIgniter\Session\Handlers\FileHandler' driver.
CRITICAL - 2023-06-20 00:00:10 --> count(): Parameter must be an array or an object that implements Countable
in APPPATH\Controllers\BaseController.php on line 288.
 1 [internal function]: CodeIgniter\Debug\Exceptions->errorHandler(2, 'count(): Parameter must be an array or an object that implements Countable', 'C:\\wamp64\\www\\MajstorNaKlik\\project_MajstorNaKlik\\Dokumentacija\\Faza 5\\app\\Controllers\\BaseController.php', 288, [...])
 2 APPPATH\Controllers\BaseController.php(288): count(null)
 3 SYSTEMPATH\CodeIgniter.php(934): App\Controllers\BaseController->fetchNextResults()
 4 SYSTEMPATH\CodeIgniter.php(499): CodeIgniter\CodeIgniter->runController(Object(App\Controllers\Gost))
 5 SYSTEMPATH\CodeIgniter.php(368): CodeIgniter\CodeIgniter->handleRequest(null, Object(Config\Cache), false)
 6 FCPATH\index.php(67): CodeIgniter\CodeIgniter->run()
 7 SYSTEMPATH\Commands\Server\rewrite.php(47): require_once('C:\\wamp64\\www\\MajstorNaKlik\\project_MajstorNaKlik\\Dokumentacija\\Faza 5\\public\\index.php')
INFO - 2023-06-20 00:00:10 --> Session: Class initialized using 'CodeIgniter\Session\Handlers\FileHandler' driver.
CRITICAL - 2023-06-20 00:00:10 --> count(): Parameter must be an array or an object that implements Countable
in APPPATH\Controllers\BaseController.php on line 288.
 1 [internal function]: CodeIgniter\Debug\Exceptions->errorHandler(2, 'count(): Parameter must be an array or an object that implements Countable', 'C:\\wamp64\\www\\MajstorNaKlik\\project_MajstorNaKlik\\Dokumentacija\\Faza 5\\app\\Controllers\\BaseController.php', 288, [...])
 2 APPPATH\Controllers\BaseController.php(288): count(null)
 3 SYSTEMPATH\CodeIgniter.php(934): App\Controllers\BaseController->fetchNextResults()
 4 SYSTEMPATH\CodeIgniter.php(499): CodeIgniter\CodeIgniter->runController(Object(App\Controllers\Gost))
 5 SYSTEMPATH\CodeIgniter.php(368): CodeIgniter\CodeIgniter->handleRequest(null, Object(Config\Cache), false)
 6 FCPATH\index.php(67): CodeIgniter\CodeIgniter->run()
 7 SYSTEMPATH\Commands\Server\rewrite.php(47): require_once('C:\\wamp64\\www\\MajstorNaKlik\\project_MajstorNaKlik\\Dokumentacija\\Faza 5\\public\\index.php')
INFO - 2023-06-20 00:00:10 --> Session: Class initialized using 'CodeIgniter\Session\Handlers\FileHandler' driver.
CRITICAL - 2023-06-20 00:00:10 --> count(): Parameter must be an array or an object that implements Countable
in APPPATH\Controllers\BaseController.php on line 288.
 1 [internal function]: CodeIgniter\Debug\Exceptions->errorHandler(2, 'count(): Parameter must be an array or an object that implements Countable', 'C:\\wamp64\\www\\MajstorNaKlik\\project_MajstorNaKlik\\Dokumentacija\\Faza 5\\app\\Controllers\\BaseController.php', 288, [...])
 2 APPPATH\Controllers\BaseController.php(288): count(null)
 3 SYSTEMPATH\CodeIgniter.php(934): App\Controllers\BaseController->fetchNextResults()
 4 SYSTEMPATH\CodeIgniter.php(499): CodeIgniter\CodeIgniter->runController(Object(App\Controllers\Gost))
 5 SYSTEMPATH\CodeIgniter.php(368): CodeIgniter\CodeIgniter->handleRequest(null, Object(Config\Cache), false)
 6 FCPATH\index.php(67): CodeIgniter\CodeIgniter->run()
 7 SYSTEMPATH\Commands\Server\rewrite.php(47): require_once('C:\\wamp64\\www\\MajstorNaKlik\\project_MajstorNaKlik\\Dokumentacija\\Faza 5\\public\\index.php')
INFO - 2023-06-20 00:00:11 --> Session: Class initialized using 'CodeIgniter\Session\Handlers\FileHandler' driver.
CRITICAL - 2023-06-20 00:00:11 --> count(): Parameter must be an array or an object that implements Countable
in APPPATH\Controllers\BaseController.php on line 288.
 1 [internal function]: CodeIgniter\Debug\Exceptions->errorHandler(2, 'count(): Parameter must be an array or an object that implements Countable', 'C:\\wamp64\\www\\MajstorNaKlik\\project_MajstorNaKlik\\Dokumentacija\\Faza 5\\app\\Controllers\\BaseController.php', 288, [...])
 2 APPPATH\Controllers\BaseController.php(288): count(null)
 3 SYSTEMPATH\CodeIgniter.php(934): App\Controllers\BaseController->fetchNextResults()
 4 SYSTEMPATH\CodeIgniter.php(499): CodeIgniter\CodeIgniter->runController(Object(App\Controllers\Gost))
 5 SYSTEMPATH\CodeIgniter.php(368): CodeIgniter\CodeIgniter->handleRequest(null, Object(Config\Cache), false)
 6 FCPATH\index.php(67): CodeIgniter\CodeIgniter->run()
 7 SYSTEMPATH\Commands\Server\rewrite.php(47): require_once('C:\\wamp64\\www\\MajstorNaKlik\\project_MajstorNaKlik\\Dokumentacija\\Faza 5\\public\\index.php')
INFO - 2023-06-20 00:00:11 --> Session: Class initialized using 'CodeIgniter\Session\Handlers\FileHandler' driver.
CRITICAL - 2023-06-20 00:00:11 --> count(): Parameter must be an array or an object that implements Countable
in APPPATH\Controllers\BaseController.php on line 288.
 1 [internal function]: CodeIgniter\Debug\Exceptions->errorHandler(2, 'count(): Parameter must be an array or an object that implements Countable', 'C:\\wamp64\\www\\MajstorNaKlik\\project_MajstorNaKlik\\Dokumentacija\\Faza 5\\app\\Controllers\\BaseController.php', 288, [...])
 2 APPPATH\Controllers\BaseController.php(288): count(null)
 3 SYSTEMPATH\CodeIgniter.php(934): App\Controllers\BaseController->fetchNextResults()
 4 SYSTEMPATH\CodeIgniter.php(499): CodeIgniter\CodeIgniter->runController(Object(App\Controllers\Gost))
 5 SYSTEMPATH\CodeIgniter.php(368): CodeIgniter\CodeIgniter->handleRequest(null, Object(Config\Cache), false)
 6 FCPATH\index.php(67): CodeIgniter\CodeIgniter->run()
 7 SYSTEMPATH\Commands\Server\rewrite.php(47): require_once('C:\\wamp64\\www\\MajstorNaKlik\\project_MajstorNaKlik\\Dokumentacija\\Faza 5\\public\\index.php')
INFO - 2023-06-20 00:00:11 --> Session: Class initialized using 'CodeIgniter\Session\Handlers\FileHandler' driver.
CRITICAL - 2023-06-20 00:00:11 --> count(): Parameter must be an array or an object that implements Countable
in APPPATH\Controllers\BaseController.php on line 288.
 1 [internal function]: CodeIgniter\Debug\Exceptions->errorHandler(2, 'count(): Parameter must be an array or an object that implements Countable', 'C:\\wamp64\\www\\MajstorNaKlik\\project_MajstorNaKlik\\Dokumentacija\\Faza 5\\app\\Controllers\\BaseController.php', 288, [...])
 2 APPPATH\Controllers\BaseController.php(288): count(null)
 3 SYSTEMPATH\CodeIgniter.php(934): App\Controllers\BaseController->fetchNextResults()
 4 SYSTEMPATH\CodeIgniter.php(499): CodeIgniter\CodeIgniter->runController(Object(App\Controllers\Gost))
 5 SYSTEMPATH\CodeIgniter.php(368): CodeIgniter\CodeIgniter->handleRequest(null, Object(Config\Cache), false)
 6 FCPATH\index.php(67): CodeIgniter\CodeIgniter->run()
 7 SYSTEMPATH\Commands\Server\rewrite.php(47): require_once('C:\\wamp64\\www\\MajstorNaKlik\\project_MajstorNaKlik\\Dokumentacija\\Faza 5\\public\\index.php')
INFO - 2023-06-20 00:00:11 --> Session: Class initialized using 'CodeIgniter\Session\Handlers\FileHandler' driver.
CRITICAL - 2023-06-20 00:00:11 --> count(): Parameter must be an array or an object that implements Countable
in APPPATH\Controllers\BaseController.php on line 288.
 1 [internal function]: CodeIgniter\Debug\Exceptions->errorHandler(2, 'count(): Parameter must be an array or an object that implements Countable', 'C:\\wamp64\\www\\MajstorNaKlik\\project_MajstorNaKlik\\Dokumentacija\\Faza 5\\app\\Controllers\\BaseController.php', 288, [...])
 2 APPPATH\Controllers\BaseController.php(288): count(null)
 3 SYSTEMPATH\CodeIgniter.php(934): App\Controllers\BaseController->fetchNextResults()
 4 SYSTEMPATH\CodeIgniter.php(499): CodeIgniter\CodeIgniter->runController(Object(App\Controllers\Gost))
 5 SYSTEMPATH\CodeIgniter.php(368): CodeIgniter\CodeIgniter->handleRequest(null, Object(Config\Cache), false)
 6 FCPATH\index.php(67): CodeIgniter\CodeIgniter->run()
 7 SYSTEMPATH\Commands\Server\rewrite.php(47): require_once('C:\\wamp64\\www\\MajstorNaKlik\\project_MajstorNaKlik\\Dokumentacija\\Faza 5\\public\\index.php')
INFO - 2023-06-20 00:00:11 --> Session: Class initialized using 'CodeIgniter\Session\Handlers\FileHandler' driver.
CRITICAL - 2023-06-20 00:00:11 --> count(): Parameter must be an array or an object that implements Countable
in APPPATH\Controllers\BaseController.php on line 288.
 1 [internal function]: CodeIgniter\Debug\Exceptions->errorHandler(2, 'count(): Parameter must be an array or an object that implements Countable', 'C:\\wamp64\\www\\MajstorNaKlik\\project_MajstorNaKlik\\Dokumentacija\\Faza 5\\app\\Controllers\\BaseController.php', 288, [...])
 2 APPPATH\Controllers\BaseController.php(288): count(null)
 3 SYSTEMPATH\CodeIgniter.php(934): App\Controllers\BaseController->fetchNextResults()
 4 SYSTEMPATH\CodeIgniter.php(499): CodeIgniter\CodeIgniter->runController(Object(App\Controllers\Gost))
 5 SYSTEMPATH\CodeIgniter.php(368): CodeIgniter\CodeIgniter->handleRequest(null, Object(Config\Cache), false)
 6 FCPATH\index.php(67): CodeIgniter\CodeIgniter->run()
 7 SYSTEMPATH\Commands\Server\rewrite.php(47): require_once('C:\\wamp64\\www\\MajstorNaKlik\\project_MajstorNaKlik\\Dokumentacija\\Faza 5\\public\\index.php')
INFO - 2023-06-20 00:00:11 --> Session: Class initialized using 'CodeIgniter\Session\Handlers\FileHandler' driver.
CRITICAL - 2023-06-20 00:00:11 --> count(): Parameter must be an array or an object that implements Countable
in APPPATH\Controllers\BaseController.php on line 288.
 1 [internal function]: CodeIgniter\Debug\Exceptions->errorHandler(2, 'count(): Parameter must be an array or an object that implements Countable', 'C:\\wamp64\\www\\MajstorNaKlik\\project_MajstorNaKlik\\Dokumentacija\\Faza 5\\app\\Controllers\\BaseController.php', 288, [...])
 2 APPPATH\Controllers\BaseController.php(288): count(null)
 3 SYSTEMPATH\CodeIgniter.php(934): App\Controllers\BaseController->fetchNextResults()
 4 SYSTEMPATH\CodeIgniter.php(499): CodeIgniter\CodeIgniter->runController(Object(App\Controllers\Gost))
 5 SYSTEMPATH\CodeIgniter.php(368): CodeIgniter\CodeIgniter->handleRequest(null, Object(Config\Cache), false)
 6 FCPATH\index.php(67): CodeIgniter\CodeIgniter->run()
 7 SYSTEMPATH\Commands\Server\rewrite.php(47): require_once('C:\\wamp64\\www\\MajstorNaKlik\\project_MajstorNaKlik\\Dokumentacija\\Faza 5\\public\\index.php')
INFO - 2023-06-20 00:00:11 --> Session: Class initialized using 'CodeIgniter\Session\Handlers\FileHandler' driver.
CRITICAL - 2023-06-20 00:00:11 --> count(): Parameter must be an array or an object that implements Countable
in APPPATH\Controllers\BaseController.php on line 288.
 1 [internal function]: CodeIgniter\Debug\Exceptions->errorHandler(2, 'count(): Parameter must be an array or an object that implements Countable', 'C:\\wamp64\\www\\MajstorNaKlik\\project_MajstorNaKlik\\Dokumentacija\\Faza 5\\app\\Controllers\\BaseController.php', 288, [...])
 2 APPPATH\Controllers\BaseController.php(288): count(null)
 3 SYSTEMPATH\CodeIgniter.php(934): App\Controllers\BaseController->fetchNextResults()
 4 SYSTEMPATH\CodeIgniter.php(499): CodeIgniter\CodeIgniter->runController(Object(App\Controllers\Gost))
 5 SYSTEMPATH\CodeIgniter.php(368): CodeIgniter\CodeIgniter->handleRequest(null, Object(Config\Cache), false)
 6 FCPATH\index.php(67): CodeIgniter\CodeIgniter->run()
 7 SYSTEMPATH\Commands\Server\rewrite.php(47): require_once('C:\\wamp64\\www\\MajstorNaKlik\\project_MajstorNaKlik\\Dokumentacija\\Faza 5\\public\\index.php')
INFO - 2023-06-20 00:00:11 --> Session: Class initialized using 'CodeIgniter\Session\Handlers\FileHandler' driver.
CRITICAL - 2023-06-20 00:00:11 --> count(): Parameter must be an array or an object that implements Countable
in APPPATH\Controllers\BaseController.php on line 288.
 1 [internal function]: CodeIgniter\Debug\Exceptions->errorHandler(2, 'count(): Parameter must be an array or an object that implements Countable', 'C:\\wamp64\\www\\MajstorNaKlik\\project_MajstorNaKlik\\Dokumentacija\\Faza 5\\app\\Controllers\\BaseController.php', 288, [...])
 2 APPPATH\Controllers\BaseController.php(288): count(null)
 3 SYSTEMPATH\CodeIgniter.php(934): App\Controllers\BaseController->fetchNextResults()
 4 SYSTEMPATH\CodeIgniter.php(499): CodeIgniter\CodeIgniter->runController(Object(App\Controllers\Gost))
 5 SYSTEMPATH\CodeIgniter.php(368): CodeIgniter\CodeIgniter->handleRequest(null, Object(Config\Cache), false)
 6 FCPATH\index.php(67): CodeIgniter\CodeIgniter->run()
 7 SYSTEMPATH\Commands\Server\rewrite.php(47): require_once('C:\\wamp64\\www\\MajstorNaKlik\\project_MajstorNaKlik\\Dokumentacija\\Faza 5\\public\\index.php')
INFO - 2023-06-20 00:00:11 --> Session: Class initialized using 'CodeIgniter\Session\Handlers\FileHandler' driver.
CRITICAL - 2023-06-20 00:00:11 --> count(): Parameter must be an array or an object that implements Countable
in APPPATH\Controllers\BaseController.php on line 288.
 1 [internal function]: CodeIgniter\Debug\Exceptions->errorHandler(2, 'count(): Parameter must be an array or an object that implements Countable', 'C:\\wamp64\\www\\MajstorNaKlik\\project_MajstorNaKlik\\Dokumentacija\\Faza 5\\app\\Controllers\\BaseController.php', 288, [...])
 2 APPPATH\Controllers\BaseController.php(288): count(null)
 3 SYSTEMPATH\CodeIgniter.php(934): App\Controllers\BaseController->fetchNextResults()
 4 SYSTEMPATH\CodeIgniter.php(499): CodeIgniter\CodeIgniter->runController(Object(App\Controllers\Gost))
 5 SYSTEMPATH\CodeIgniter.php(368): CodeIgniter\CodeIgniter->handleRequest(null, Object(Config\Cache), false)
 6 FCPATH\index.php(67): CodeIgniter\CodeIgniter->run()
 7 SYSTEMPATH\Commands\Server\rewrite.php(47): require_once('C:\\wamp64\\www\\MajstorNaKlik\\project_MajstorNaKlik\\Dokumentacija\\Faza 5\\public\\index.php')
INFO - 2023-06-20 00:00:20 --> Session: Class initialized using 'CodeIgniter\Session\Handlers\FileHandler' driver.
INFO - 2023-06-20 00:00:20 --> Session: Class initialized using 'CodeIgniter\Session\Handlers\FileHandler' driver.
INFO - 2023-06-20 00:00:20 --> Session: Class initialized using 'CodeIgniter\Session\Handlers\FileHandler' driver.
INFO - 2023-06-20 00:00:22 --> Session: Class initialized using 'CodeIgniter\Session\Handlers\FileHandler' driver.
INFO - 2023-06-20 00:00:22 --> Session: Class initialized using 'CodeIgniter\Session\Handlers\FileHandler' driver.
INFO - 2023-06-20 00:00:22 --> Session: Class initialized using 'CodeIgniter\Session\Handlers\FileHandler' driver.
INFO - 2023-06-20 00:00:30 --> Session: Class initialized using 'CodeIgniter\Session\Handlers\FileHandler' driver.
INFO - 2023-06-20 00:00:30 --> Session: Class initialized using 'CodeIgniter\Session\Handlers\FileHandler' driver.
INFO - 2023-06-20 00:00:30 --> Session: Class initialized using 'CodeIgniter\Session\Handlers\FileHandler' driver.
INFO - 2023-06-20 00:01:28 --> Session: Class initialized using 'CodeIgniter\Session\Handlers\FileHandler' driver.
INFO - 2023-06-20 00:01:28 --> Session: Class initialized using 'CodeIgniter\Session\Handlers\FileHandler' driver.
INFO - 2023-06-20 00:01:28 --> Session: Class initialized using 'CodeIgniter\Session\Handlers\FileHandler' driver.
INFO - 2023-06-20 00:01:30 --> Session: Class initialized using 'CodeIgniter\Session\Handlers\FileHandler' driver.
INFO - 2023-06-20 00:01:30 --> Session: Class initialized using 'CodeIgniter\Session\Handlers\FileHandler' driver.
INFO - 2023-06-20 00:01:31 --> Session: Class initialized using 'CodeIgniter\Session\Handlers\FileHandler' driver.
INFO - 2023-06-20 00:01:31 --> Session: Class initialized using 'CodeIgniter\Session\Handlers\FileHandler' driver.
CRITICAL - 2023-06-20 00:01:31 --> count(): Parameter must be an array or an object that implements Countable
in APPPATH\Controllers\BaseController.php on line 288.
 1 [internal function]: CodeIgniter\Debug\Exceptions->errorHandler(2, 'count(): Parameter must be an array or an object that implements Countable', 'C:\\wamp64\\www\\MajstorNaKlik\\project_MajstorNaKlik\\Dokumentacija\\Faza 5\\app\\Controllers\\BaseController.php', 288, [...])
 2 APPPATH\Controllers\BaseController.php(288): count(null)
 3 SYSTEMPATH\CodeIgniter.php(934): App\Controllers\BaseController->fetchNextResults()
 4 SYSTEMPATH\CodeIgniter.php(499): CodeIgniter\CodeIgniter->runController(Object(App\Controllers\Gost))
 5 SYSTEMPATH\CodeIgniter.php(368): CodeIgniter\CodeIgniter->handleRequest(null, Object(Config\Cache), false)
 6 FCPATH\index.php(67): CodeIgniter\CodeIgniter->run()
 7 SYSTEMPATH\Commands\Server\rewrite.php(47): require_once('C:\\wamp64\\www\\MajstorNaKlik\\project_MajstorNaKlik\\Dokumentacija\\Faza 5\\public\\index.php')
INFO - 2023-06-20 00:01:31 --> Session: Class initialized using 'CodeIgniter\Session\Handlers\FileHandler' driver.
CRITICAL - 2023-06-20 00:01:31 --> count(): Parameter must be an array or an object that implements Countable
in APPPATH\Controllers\BaseController.php on line 288.
 1 [internal function]: CodeIgniter\Debug\Exceptions->errorHandler(2, 'count(): Parameter must be an array or an object that implements Countable', 'C:\\wamp64\\www\\MajstorNaKlik\\project_MajstorNaKlik\\Dokumentacija\\Faza 5\\app\\Controllers\\BaseController.php', 288, [...])
 2 APPPATH\Controllers\BaseController.php(288): count(null)
 3 SYSTEMPATH\CodeIgniter.php(934): App\Controllers\BaseController->fetchNextResults()
 4 SYSTEMPATH\CodeIgniter.php(499): CodeIgniter\CodeIgniter->runController(Object(App\Controllers\Gost))
 5 SYSTEMPATH\CodeIgniter.php(368): CodeIgniter\CodeIgniter->handleRequest(null, Object(Config\Cache), false)
 6 FCPATH\index.php(67): CodeIgniter\CodeIgniter->run()
 7 SYSTEMPATH\Commands\Server\rewrite.php(47): require_once('C:\\wamp64\\www\\MajstorNaKlik\\project_MajstorNaKlik\\Dokumentacija\\Faza 5\\public\\index.php')
INFO - 2023-06-20 00:01:32 --> Session: Class initialized using 'CodeIgniter\Session\Handlers\FileHandler' driver.
CRITICAL - 2023-06-20 00:01:32 --> count(): Parameter must be an array or an object that implements Countable
in APPPATH\Controllers\BaseController.php on line 288.
 1 [internal function]: CodeIgniter\Debug\Exceptions->errorHandler(2, 'count(): Parameter must be an array or an object that implements Countable', 'C:\\wamp64\\www\\MajstorNaKlik\\project_MajstorNaKlik\\Dokumentacija\\Faza 5\\app\\Controllers\\BaseController.php', 288, [...])
 2 APPPATH\Controllers\BaseController.php(288): count(null)
 3 SYSTEMPATH\CodeIgniter.php(934): App\Controllers\BaseController->fetchNextResults()
 4 SYSTEMPATH\CodeIgniter.php(499): CodeIgniter\CodeIgniter->runController(Object(App\Controllers\Gost))
 5 SYSTEMPATH\CodeIgniter.php(368): CodeIgniter\CodeIgniter->handleRequest(null, Object(Config\Cache), false)
 6 FCPATH\index.php(67): CodeIgniter\CodeIgniter->run()
 7 SYSTEMPATH\Commands\Server\rewrite.php(47): require_once('C:\\wamp64\\www\\MajstorNaKlik\\project_MajstorNaKlik\\Dokumentacija\\Faza 5\\public\\index.php')
INFO - 2023-06-20 00:01:32 --> Session: Class initialized using 'CodeIgniter\Session\Handlers\FileHandler' driver.
CRITICAL - 2023-06-20 00:01:32 --> count(): Parameter must be an array or an object that implements Countable
in APPPATH\Controllers\BaseController.php on line 288.
 1 [internal function]: CodeIgniter\Debug\Exceptions->errorHandler(2, 'count(): Parameter must be an array or an object that implements Countable', 'C:\\wamp64\\www\\MajstorNaKlik\\project_MajstorNaKlik\\Dokumentacija\\Faza 5\\app\\Controllers\\BaseController.php', 288, [...])
 2 APPPATH\Controllers\BaseController.php(288): count(null)
 3 SYSTEMPATH\CodeIgniter.php(934): App\Controllers\BaseController->fetchNextResults()
 4 SYSTEMPATH\CodeIgniter.php(499): CodeIgniter\CodeIgniter->runController(Object(App\Controllers\Gost))
 5 SYSTEMPATH\CodeIgniter.php(368): CodeIgniter\CodeIgniter->handleRequest(null, Object(Config\Cache), false)
 6 FCPATH\index.php(67): CodeIgniter\CodeIgniter->run()
 7 SYSTEMPATH\Commands\Server\rewrite.php(47): require_once('C:\\wamp64\\www\\MajstorNaKlik\\project_MajstorNaKlik\\Dokumentacija\\Faza 5\\public\\index.php')
INFO - 2023-06-20 00:01:32 --> Session: Class initialized using 'CodeIgniter\Session\Handlers\FileHandler' driver.
CRITICAL - 2023-06-20 00:01:32 --> count(): Parameter must be an array or an object that implements Countable
in APPPATH\Controllers\BaseController.php on line 288.
 1 [internal function]: CodeIgniter\Debug\Exceptions->errorHandler(2, 'count(): Parameter must be an array or an object that implements Countable', 'C:\\wamp64\\www\\MajstorNaKlik\\project_MajstorNaKlik\\Dokumentacija\\Faza 5\\app\\Controllers\\BaseController.php', 288, [...])
 2 APPPATH\Controllers\BaseController.php(288): count(null)
 3 SYSTEMPATH\CodeIgniter.php(934): App\Controllers\BaseController->fetchNextResults()
 4 SYSTEMPATH\CodeIgniter.php(499): CodeIgniter\CodeIgniter->runController(Object(App\Controllers\Gost))
 5 SYSTEMPATH\CodeIgniter.php(368): CodeIgniter\CodeIgniter->handleRequest(null, Object(Config\Cache), false)
 6 FCPATH\index.php(67): CodeIgniter\CodeIgniter->run()
 7 SYSTEMPATH\Commands\Server\rewrite.php(47): require_once('C:\\wamp64\\www\\MajstorNaKlik\\project_MajstorNaKlik\\Dokumentacija\\Faza 5\\public\\index.php')
INFO - 2023-06-20 00:01:32 --> Session: Class initialized using 'CodeIgniter\Session\Handlers\FileHandler' driver.
CRITICAL - 2023-06-20 00:01:32 --> count(): Parameter must be an array or an object that implements Countable
in APPPATH\Controllers\BaseController.php on line 288.
 1 [internal function]: CodeIgniter\Debug\Exceptions->errorHandler(2, 'count(): Parameter must be an array or an object that implements Countable', 'C:\\wamp64\\www\\MajstorNaKlik\\project_MajstorNaKlik\\Dokumentacija\\Faza 5\\app\\Controllers\\BaseController.php', 288, [...])
 2 APPPATH\Controllers\BaseController.php(288): count(null)
 3 SYSTEMPATH\CodeIgniter.php(934): App\Controllers\BaseController->fetchNextResults()
 4 SYSTEMPATH\CodeIgniter.php(499): CodeIgniter\CodeIgniter->runController(Object(App\Controllers\Gost))
 5 SYSTEMPATH\CodeIgniter.php(368): CodeIgniter\CodeIgniter->handleRequest(null, Object(Config\Cache), false)
 6 FCPATH\index.php(67): CodeIgniter\CodeIgniter->run()
 7 SYSTEMPATH\Commands\Server\rewrite.php(47): require_once('C:\\wamp64\\www\\MajstorNaKlik\\project_MajstorNaKlik\\Dokumentacija\\Faza 5\\public\\index.php')
INFO - 2023-06-20 00:01:32 --> Session: Class initialized using 'CodeIgniter\Session\Handlers\FileHandler' driver.
CRITICAL - 2023-06-20 00:01:32 --> count(): Parameter must be an array or an object that implements Countable
in APPPATH\Controllers\BaseController.php on line 288.
 1 [internal function]: CodeIgniter\Debug\Exceptions->errorHandler(2, 'count(): Parameter must be an array or an object that implements Countable', 'C:\\wamp64\\www\\MajstorNaKlik\\project_MajstorNaKlik\\Dokumentacija\\Faza 5\\app\\Controllers\\BaseController.php', 288, [...])
 2 APPPATH\Controllers\BaseController.php(288): count(null)
 3 SYSTEMPATH\CodeIgniter.php(934): App\Controllers\BaseController->fetchNextResults()
 4 SYSTEMPATH\CodeIgniter.php(499): CodeIgniter\CodeIgniter->runController(Object(App\Controllers\Gost))
 5 SYSTEMPATH\CodeIgniter.php(368): CodeIgniter\CodeIgniter->handleRequest(null, Object(Config\Cache), false)
 6 FCPATH\index.php(67): CodeIgniter\CodeIgniter->run()
 7 SYSTEMPATH\Commands\Server\rewrite.php(47): require_once('C:\\wamp64\\www\\MajstorNaKlik\\project_MajstorNaKlik\\Dokumentacija\\Faza 5\\public\\index.php')
INFO - 2023-06-20 00:01:32 --> Session: Class initialized using 'CodeIgniter\Session\Handlers\FileHandler' driver.
CRITICAL - 2023-06-20 00:01:32 --> count(): Parameter must be an array or an object that implements Countable
in APPPATH\Controllers\BaseController.php on line 288.
 1 [internal function]: CodeIgniter\Debug\Exceptions->errorHandler(2, 'count(): Parameter must be an array or an object that implements Countable', 'C:\\wamp64\\www\\MajstorNaKlik\\project_MajstorNaKlik\\Dokumentacija\\Faza 5\\app\\Controllers\\BaseController.php', 288, [...])
 2 APPPATH\Controllers\BaseController.php(288): count(null)
 3 SYSTEMPATH\CodeIgniter.php(934): App\Controllers\BaseController->fetchNextResults()
 4 SYSTEMPATH\CodeIgniter.php(499): CodeIgniter\CodeIgniter->runController(Object(App\Controllers\Gost))
 5 SYSTEMPATH\CodeIgniter.php(368): CodeIgniter\CodeIgniter->handleRequest(null, Object(Config\Cache), false)
 6 FCPATH\index.php(67): CodeIgniter\CodeIgniter->run()
 7 SYSTEMPATH\Commands\Server\rewrite.php(47): require_once('C:\\wamp64\\www\\MajstorNaKlik\\project_MajstorNaKlik\\Dokumentacija\\Faza 5\\public\\index.php')
INFO - 2023-06-20 00:01:32 --> Session: Class initialized using 'CodeIgniter\Session\Handlers\FileHandler' driver.
CRITICAL - 2023-06-20 00:01:32 --> count(): Parameter must be an array or an object that implements Countable
in APPPATH\Controllers\BaseController.php on line 288.
 1 [internal function]: CodeIgniter\Debug\Exceptions->errorHandler(2, 'count(): Parameter must be an array or an object that implements Countable', 'C:\\wamp64\\www\\MajstorNaKlik\\project_MajstorNaKlik\\Dokumentacija\\Faza 5\\app\\Controllers\\BaseController.php', 288, [...])
 2 APPPATH\Controllers\BaseController.php(288): count(null)
 3 SYSTEMPATH\CodeIgniter.php(934): App\Controllers\BaseController->fetchNextResults()
 4 SYSTEMPATH\CodeIgniter.php(499): CodeIgniter\CodeIgniter->runController(Object(App\Controllers\Gost))
 5 SYSTEMPATH\CodeIgniter.php(368): CodeIgniter\CodeIgniter->handleRequest(null, Object(Config\Cache), false)
 6 FCPATH\index.php(67): CodeIgniter\CodeIgniter->run()
 7 SYSTEMPATH\Commands\Server\rewrite.php(47): require_once('C:\\wamp64\\www\\MajstorNaKlik\\project_MajstorNaKlik\\Dokumentacija\\Faza 5\\public\\index.php')
INFO - 2023-06-20 00:01:33 --> Session: Class initialized using 'CodeIgniter\Session\Handlers\FileHandler' driver.
INFO - 2023-06-20 00:01:33 --> Session: Class initialized using 'CodeIgniter\Session\Handlers\FileHandler' driver.
INFO - 2023-06-20 00:01:33 --> Session: Class initialized using 'CodeIgniter\Session\Handlers\FileHandler' driver.
INFO - 2023-06-20 00:02:05 --> Session: Class initialized using 'CodeIgniter\Session\Handlers\FileHandler' driver.
INFO - 2023-06-20 00:02:05 --> Session: Class initialized using 'CodeIgniter\Session\Handlers\FileHandler' driver.
INFO - 2023-06-20 00:02:05 --> Session: Class initialized using 'CodeIgniter\Session\Handlers\FileHandler' driver.
INFO - 2023-06-20 00:02:07 --> Session: Class initialized using 'CodeIgniter\Session\Handlers\FileHandler' driver.
INFO - 2023-06-20 00:02:07 --> Session: Class initialized using 'CodeIgniter\Session\Handlers\FileHandler' driver.
INFO - 2023-06-20 00:02:07 --> Session: Class initialized using 'CodeIgniter\Session\Handlers\FileHandler' driver.
INFO - 2023-06-20 00:02:08 --> Session: Class initialized using 'CodeIgniter\Session\Handlers\FileHandler' driver.
INFO - 2023-06-20 00:02:08 --> Session: Class initialized using 'CodeIgniter\Session\Handlers\FileHandler' driver.
CRITICAL - 2023-06-20 00:02:08 --> count(): Parameter must be an array or an object that implements Countable
in APPPATH\Controllers\BaseController.php on line 288.
 1 [internal function]: CodeIgniter\Debug\Exceptions->errorHandler(2, 'count(): Parameter must be an array or an object that implements Countable', 'C:\\wamp64\\www\\MajstorNaKlik\\project_MajstorNaKlik\\Dokumentacija\\Faza 5\\app\\Controllers\\BaseController.php', 288, [...])
 2 APPPATH\Controllers\BaseController.php(288): count(null)
 3 SYSTEMPATH\CodeIgniter.php(934): App\Controllers\BaseController->fetchNextResults()
 4 SYSTEMPATH\CodeIgniter.php(499): CodeIgniter\CodeIgniter->runController(Object(App\Controllers\Gost))
 5 SYSTEMPATH\CodeIgniter.php(368): CodeIgniter\CodeIgniter->handleRequest(null, Object(Config\Cache), false)
 6 FCPATH\index.php(67): CodeIgniter\CodeIgniter->run()
 7 SYSTEMPATH\Commands\Server\rewrite.php(47): require_once('C:\\wamp64\\www\\MajstorNaKlik\\project_MajstorNaKlik\\Dokumentacija\\Faza 5\\public\\index.php')
INFO - 2023-06-20 00:02:08 --> Session: Class initialized using 'CodeIgniter\Session\Handlers\FileHandler' driver.
INFO - 2023-06-20 00:02:08 --> Session: Class initialized using 'CodeIgniter\Session\Handlers\FileHandler' driver.
INFO - 2023-06-20 00:03:29 --> Session: Class initialized using 'CodeIgniter\Session\Handlers\FileHandler' driver.
INFO - 2023-06-20 00:03:30 --> Session: Class initialized using 'CodeIgniter\Session\Handlers\FileHandler' driver.
INFO - 2023-06-20 00:03:30 --> Session: Class initialized using 'CodeIgniter\Session\Handlers\FileHandler' driver.
INFO - 2023-06-20 00:03:32 --> Session: Class initialized using 'CodeIgniter\Session\Handlers\FileHandler' driver.
INFO - 2023-06-20 00:03:33 --> Session: Class initialized using 'CodeIgniter\Session\Handlers\FileHandler' driver.
INFO - 2023-06-20 00:03:33 --> Session: Class initialized using 'CodeIgniter\Session\Handlers\FileHandler' driver.
INFO - 2023-06-20 00:03:49 --> Session: Class initialized using 'CodeIgniter\Session\Handlers\FileHandler' driver.
CRITICAL - 2023-06-20 00:03:49 --> count(): Parameter must be an array or an object that implements Countable
in APPPATH\Controllers\BaseController.php on line 288.
 1 [internal function]: CodeIgniter\Debug\Exceptions->errorHandler(2, 'count(): Parameter must be an array or an object that implements Countable', 'C:\\wamp64\\www\\MajstorNaKlik\\project_MajstorNaKlik\\Dokumentacija\\Faza 5\\app\\Controllers\\BaseController.php', 288, [...])
 2 APPPATH\Controllers\BaseController.php(288): count(null)
 3 SYSTEMPATH\CodeIgniter.php(934): App\Controllers\BaseController->fetchNextResults()
 4 SYSTEMPATH\CodeIgniter.php(499): CodeIgniter\CodeIgniter->runController(Object(App\Controllers\Gost))
 5 SYSTEMPATH\CodeIgniter.php(368): CodeIgniter\CodeIgniter->handleRequest(null, Object(Config\Cache), false)
 6 FCPATH\index.php(67): CodeIgniter\CodeIgniter->run()
 7 SYSTEMPATH\Commands\Server\rewrite.php(47): require_once('C:\\wamp64\\www\\MajstorNaKlik\\project_MajstorNaKlik\\Dokumentacija\\Faza 5\\public\\index.php')
INFO - 2023-06-20 00:03:49 --> Session: Class initialized using 'CodeIgniter\Session\Handlers\FileHandler' driver.
CRITICAL - 2023-06-20 00:03:49 --> count(): Parameter must be an array or an object that implements Countable
in APPPATH\Controllers\BaseController.php on line 288.
 1 [internal function]: CodeIgniter\Debug\Exceptions->errorHandler(2, 'count(): Parameter must be an array or an object that implements Countable', 'C:\\wamp64\\www\\MajstorNaKlik\\project_MajstorNaKlik\\Dokumentacija\\Faza 5\\app\\Controllers\\BaseController.php', 288, [...])
 2 APPPATH\Controllers\BaseController.php(288): count(null)
 3 SYSTEMPATH\CodeIgniter.php(934): App\Controllers\BaseController->fetchNextResults()
 4 SYSTEMPATH\CodeIgniter.php(499): CodeIgniter\CodeIgniter->runController(Object(App\Controllers\Gost))
 5 SYSTEMPATH\CodeIgniter.php(368): CodeIgniter\CodeIgniter->handleRequest(null, Object(Config\Cache), false)
 6 FCPATH\index.php(67): CodeIgniter\CodeIgniter->run()
 7 SYSTEMPATH\Commands\Server\rewrite.php(47): require_once('C:\\wamp64\\www\\MajstorNaKlik\\project_MajstorNaKlik\\Dokumentacija\\Faza 5\\public\\index.php')
INFO - 2023-06-20 00:03:49 --> Session: Class initialized using 'CodeIgniter\Session\Handlers\FileHandler' driver.
CRITICAL - 2023-06-20 00:03:49 --> count(): Parameter must be an array or an object that implements Countable
in APPPATH\Controllers\BaseController.php on line 288.
 1 [internal function]: CodeIgniter\Debug\Exceptions->errorHandler(2, 'count(): Parameter must be an array or an object that implements Countable', 'C:\\wamp64\\www\\MajstorNaKlik\\project_MajstorNaKlik\\Dokumentacija\\Faza 5\\app\\Controllers\\BaseController.php', 288, [...])
 2 APPPATH\Controllers\BaseController.php(288): count(null)
 3 SYSTEMPATH\CodeIgniter.php(934): App\Controllers\BaseController->fetchNextResults()
 4 SYSTEMPATH\CodeIgniter.php(499): CodeIgniter\CodeIgniter->runController(Object(App\Controllers\Gost))
 5 SYSTEMPATH\CodeIgniter.php(368): CodeIgniter\CodeIgniter->handleRequest(null, Object(Config\Cache), false)
 6 FCPATH\index.php(67): CodeIgniter\CodeIgniter->run()
 7 SYSTEMPATH\Commands\Server\rewrite.php(47): require_once('C:\\wamp64\\www\\MajstorNaKlik\\project_MajstorNaKlik\\Dokumentacija\\Faza 5\\public\\index.php')
INFO - 2023-06-20 00:03:49 --> Session: Class initialized using 'CodeIgniter\Session\Handlers\FileHandler' driver.
CRITICAL - 2023-06-20 00:03:49 --> count(): Parameter must be an array or an object that implements Countable
in APPPATH\Controllers\BaseController.php on line 288.
 1 [internal function]: CodeIgniter\Debug\Exceptions->errorHandler(2, 'count(): Parameter must be an array or an object that implements Countable', 'C:\\wamp64\\www\\MajstorNaKlik\\project_MajstorNaKlik\\Dokumentacija\\Faza 5\\app\\Controllers\\BaseController.php', 288, [...])
 2 APPPATH\Controllers\BaseController.php(288): count(null)
 3 SYSTEMPATH\CodeIgniter.php(934): App\Controllers\BaseController->fetchNextResults()
 4 SYSTEMPATH\CodeIgniter.php(499): CodeIgniter\CodeIgniter->runController(Object(App\Controllers\Gost))
 5 SYSTEMPATH\CodeIgniter.php(368): CodeIgniter\CodeIgniter->handleRequest(null, Object(Config\Cache), false)
 6 FCPATH\index.php(67): CodeIgniter\CodeIgniter->run()
 7 SYSTEMPATH\Commands\Server\rewrite.php(47): require_once('C:\\wamp64\\www\\MajstorNaKlik\\project_MajstorNaKlik\\Dokumentacija\\Faza 5\\public\\index.php')
INFO - 2023-06-20 00:03:49 --> Session: Class initialized using 'CodeIgniter\Session\Handlers\FileHandler' driver.
CRITICAL - 2023-06-20 00:03:49 --> count(): Parameter must be an array or an object that implements Countable
in APPPATH\Controllers\BaseController.php on line 288.
 1 [internal function]: CodeIgniter\Debug\Exceptions->errorHandler(2, 'count(): Parameter must be an array or an object that implements Countable', 'C:\\wamp64\\www\\MajstorNaKlik\\project_MajstorNaKlik\\Dokumentacija\\Faza 5\\app\\Controllers\\BaseController.php', 288, [...])
 2 APPPATH\Controllers\BaseController.php(288): count(null)
 3 SYSTEMPATH\CodeIgniter.php(934): App\Controllers\BaseController->fetchNextResults()
 4 SYSTEMPATH\CodeIgniter.php(499): CodeIgniter\CodeIgniter->runController(Object(App\Controllers\Gost))
 5 SYSTEMPATH\CodeIgniter.php(368): CodeIgniter\CodeIgniter->handleRequest(null, Object(Config\Cache), false)
 6 FCPATH\index.php(67): CodeIgniter\CodeIgniter->run()
 7 SYSTEMPATH\Commands\Server\rewrite.php(47): require_once('C:\\wamp64\\www\\MajstorNaKlik\\project_MajstorNaKlik\\Dokumentacija\\Faza 5\\public\\index.php')
INFO - 2023-06-20 00:03:50 --> Session: Class initialized using 'CodeIgniter\Session\Handlers\FileHandler' driver.
CRITICAL - 2023-06-20 00:03:50 --> count(): Parameter must be an array or an object that implements Countable
in APPPATH\Controllers\BaseController.php on line 288.
 1 [internal function]: CodeIgniter\Debug\Exceptions->errorHandler(2, 'count(): Parameter must be an array or an object that implements Countable', 'C:\\wamp64\\www\\MajstorNaKlik\\project_MajstorNaKlik\\Dokumentacija\\Faza 5\\app\\Controllers\\BaseController.php', 288, [...])
 2 APPPATH\Controllers\BaseController.php(288): count(null)
 3 SYSTEMPATH\CodeIgniter.php(934): App\Controllers\BaseController->fetchNextResults()
 4 SYSTEMPATH\CodeIgniter.php(499): CodeIgniter\CodeIgniter->runController(Object(App\Controllers\Gost))
 5 SYSTEMPATH\CodeIgniter.php(368): CodeIgniter\CodeIgniter->handleRequest(null, Object(Config\Cache), false)
 6 FCPATH\index.php(67): CodeIgniter\CodeIgniter->run()
 7 SYSTEMPATH\Commands\Server\rewrite.php(47): require_once('C:\\wamp64\\www\\MajstorNaKlik\\project_MajstorNaKlik\\Dokumentacija\\Faza 5\\public\\index.php')
INFO - 2023-06-20 00:03:50 --> Session: Class initialized using 'CodeIgniter\Session\Handlers\FileHandler' driver.
CRITICAL - 2023-06-20 00:03:50 --> count(): Parameter must be an array or an object that implements Countable
in APPPATH\Controllers\BaseController.php on line 288.
 1 [internal function]: CodeIgniter\Debug\Exceptions->errorHandler(2, 'count(): Parameter must be an array or an object that implements Countable', 'C:\\wamp64\\www\\MajstorNaKlik\\project_MajstorNaKlik\\Dokumentacija\\Faza 5\\app\\Controllers\\BaseController.php', 288, [...])
 2 APPPATH\Controllers\BaseController.php(288): count(null)
 3 SYSTEMPATH\CodeIgniter.php(934): App\Controllers\BaseController->fetchNextResults()
 4 SYSTEMPATH\CodeIgniter.php(499): CodeIgniter\CodeIgniter->runController(Object(App\Controllers\Gost))
 5 SYSTEMPATH\CodeIgniter.php(368): CodeIgniter\CodeIgniter->handleRequest(null, Object(Config\Cache), false)
 6 FCPATH\index.php(67): CodeIgniter\CodeIgniter->run()
 7 SYSTEMPATH\Commands\Server\rewrite.php(47): require_once('C:\\wamp64\\www\\MajstorNaKlik\\project_MajstorNaKlik\\Dokumentacija\\Faza 5\\public\\index.php')
INFO - 2023-06-20 00:03:50 --> Session: Class initialized using 'CodeIgniter\Session\Handlers\FileHandler' driver.
CRITICAL - 2023-06-20 00:03:50 --> count(): Parameter must be an array or an object that implements Countable
in APPPATH\Controllers\BaseController.php on line 288.
 1 [internal function]: CodeIgniter\Debug\Exceptions->errorHandler(2, 'count(): Parameter must be an array or an object that implements Countable', 'C:\\wamp64\\www\\MajstorNaKlik\\project_MajstorNaKlik\\Dokumentacija\\Faza 5\\app\\Controllers\\BaseController.php', 288, [...])
 2 APPPATH\Controllers\BaseController.php(288): count(null)
 3 SYSTEMPATH\CodeIgniter.php(934): App\Controllers\BaseController->fetchNextResults()
 4 SYSTEMPATH\CodeIgniter.php(499): CodeIgniter\CodeIgniter->runController(Object(App\Controllers\Gost))
 5 SYSTEMPATH\CodeIgniter.php(368): CodeIgniter\CodeIgniter->handleRequest(null, Object(Config\Cache), false)
 6 FCPATH\index.php(67): CodeIgniter\CodeIgniter->run()
 7 SYSTEMPATH\Commands\Server\rewrite.php(47): require_once('C:\\wamp64\\www\\MajstorNaKlik\\project_MajstorNaKlik\\Dokumentacija\\Faza 5\\public\\index.php')
INFO - 2023-06-20 00:03:50 --> Session: Class initialized using 'CodeIgniter\Session\Handlers\FileHandler' driver.
CRITICAL - 2023-06-20 00:03:50 --> count(): Parameter must be an array or an object that implements Countable
in APPPATH\Controllers\BaseController.php on line 288.
 1 [internal function]: CodeIgniter\Debug\Exceptions->errorHandler(2, 'count(): Parameter must be an array or an object that implements Countable', 'C:\\wamp64\\www\\MajstorNaKlik\\project_MajstorNaKlik\\Dokumentacija\\Faza 5\\app\\Controllers\\BaseController.php', 288, [...])
 2 APPPATH\Controllers\BaseController.php(288): count(null)
 3 SYSTEMPATH\CodeIgniter.php(934): App\Controllers\BaseController->fetchNextResults()
 4 SYSTEMPATH\CodeIgniter.php(499): CodeIgniter\CodeIgniter->runController(Object(App\Controllers\Gost))
 5 SYSTEMPATH\CodeIgniter.php(368): CodeIgniter\CodeIgniter->handleRequest(null, Object(Config\Cache), false)
 6 FCPATH\index.php(67): CodeIgniter\CodeIgniter->run()
 7 SYSTEMPATH\Commands\Server\rewrite.php(47): require_once('C:\\wamp64\\www\\MajstorNaKlik\\project_MajstorNaKlik\\Dokumentacija\\Faza 5\\public\\index.php')
INFO - 2023-06-20 00:03:50 --> Session: Class initialized using 'CodeIgniter\Session\Handlers\FileHandler' driver.
CRITICAL - 2023-06-20 00:03:50 --> count(): Parameter must be an array or an object that implements Countable
in APPPATH\Controllers\BaseController.php on line 288.
 1 [internal function]: CodeIgniter\Debug\Exceptions->errorHandler(2, 'count(): Parameter must be an array or an object that implements Countable', 'C:\\wamp64\\www\\MajstorNaKlik\\project_MajstorNaKlik\\Dokumentacija\\Faza 5\\app\\Controllers\\BaseController.php', 288, [...])
 2 APPPATH\Controllers\BaseController.php(288): count(null)
 3 SYSTEMPATH\CodeIgniter.php(934): App\Controllers\BaseController->fetchNextResults()
 4 SYSTEMPATH\CodeIgniter.php(499): CodeIgniter\CodeIgniter->runController(Object(App\Controllers\Gost))
 5 SYSTEMPATH\CodeIgniter.php(368): CodeIgniter\CodeIgniter->handleRequest(null, Object(Config\Cache), false)
 6 FCPATH\index.php(67): CodeIgniter\CodeIgniter->run()
 7 SYSTEMPATH\Commands\Server\rewrite.php(47): require_once('C:\\wamp64\\www\\MajstorNaKlik\\project_MajstorNaKlik\\Dokumentacija\\Faza 5\\public\\index.php')
INFO - 2023-06-20 00:03:50 --> Session: Class initialized using 'CodeIgniter\Session\Handlers\FileHandler' driver.
CRITICAL - 2023-06-20 00:03:50 --> count(): Parameter must be an array or an object that implements Countable
in APPPATH\Controllers\BaseController.php on line 288.
 1 [internal function]: CodeIgniter\Debug\Exceptions->errorHandler(2, 'count(): Parameter must be an array or an object that implements Countable', 'C:\\wamp64\\www\\MajstorNaKlik\\project_MajstorNaKlik\\Dokumentacija\\Faza 5\\app\\Controllers\\BaseController.php', 288, [...])
 2 APPPATH\Controllers\BaseController.php(288): count(null)
 3 SYSTEMPATH\CodeIgniter.php(934): App\Controllers\BaseController->fetchNextResults()
 4 SYSTEMPATH\CodeIgniter.php(499): CodeIgniter\CodeIgniter->runController(Object(App\Controllers\Gost))
 5 SYSTEMPATH\CodeIgniter.php(368): CodeIgniter\CodeIgniter->handleRequest(null, Object(Config\Cache), false)
 6 FCPATH\index.php(67): CodeIgniter\CodeIgniter->run()
 7 SYSTEMPATH\Commands\Server\rewrite.php(47): require_once('C:\\wamp64\\www\\MajstorNaKlik\\project_MajstorNaKlik\\Dokumentacija\\Faza 5\\public\\index.php')
INFO - 2023-06-20 00:03:55 --> Session: Class initialized using 'CodeIgniter\Session\Handlers\FileHandler' driver.
INFO - 2023-06-20 00:03:55 --> Session: Class initialized using 'CodeIgniter\Session\Handlers\FileHandler' driver.
INFO - 2023-06-20 00:03:55 --> Session: Class initialized using 'CodeIgniter\Session\Handlers\FileHandler' driver.
INFO - 2023-06-20 00:03:56 --> Session: Class initialized using 'CodeIgniter\Session\Handlers\FileHandler' driver.
INFO - 2023-06-20 00:03:56 --> Session: Class initialized using 'CodeIgniter\Session\Handlers\FileHandler' driver.
INFO - 2023-06-20 00:03:56 --> Session: Class initialized using 'CodeIgniter\Session\Handlers\FileHandler' driver.
INFO - 2023-06-20 00:04:08 --> Session: Class initialized using 'CodeIgniter\Session\Handlers\FileHandler' driver.
INFO - 2023-06-20 00:04:08 --> Session: Class initialized using 'CodeIgniter\Session\Handlers\FileHandler' driver.
INFO - 2023-06-20 00:04:08 --> Session: Class initialized using 'CodeIgniter\Session\Handlers\FileHandler' driver.
INFO - 2023-06-20 00:04:10 --> Session: Class initialized using 'CodeIgniter\Session\Handlers\FileHandler' driver.
INFO - 2023-06-20 00:04:10 --> Session: Class initialized using 'CodeIgniter\Session\Handlers\FileHandler' driver.
INFO - 2023-06-20 00:04:10 --> Session: Class initialized using 'CodeIgniter\Session\Handlers\FileHandler' driver.
INFO - 2023-06-20 00:04:23 --> Session: Class initialized using 'CodeIgniter\Session\Handlers\FileHandler' driver.
CRITICAL - 2023-06-20 00:04:23 --> count(): Parameter must be an array or an object that implements Countable
in APPPATH\Controllers\BaseController.php on line 288.
 1 [internal function]: CodeIgniter\Debug\Exceptions->errorHandler(2, 'count(): Parameter must be an array or an object that implements Countable', 'C:\\wamp64\\www\\MajstorNaKlik\\project_MajstorNaKlik\\Dokumentacija\\Faza 5\\app\\Controllers\\BaseController.php', 288, [...])
 2 APPPATH\Controllers\BaseController.php(288): count(null)
 3 SYSTEMPATH\CodeIgniter.php(934): App\Controllers\BaseController->fetchNextResults()
 4 SYSTEMPATH\CodeIgniter.php(499): CodeIgniter\CodeIgniter->runController(Object(App\Controllers\Gost))
 5 SYSTEMPATH\CodeIgniter.php(368): CodeIgniter\CodeIgniter->handleRequest(null, Object(Config\Cache), false)
 6 FCPATH\index.php(67): CodeIgniter\CodeIgniter->run()
 7 SYSTEMPATH\Commands\Server\rewrite.php(47): require_once('C:\\wamp64\\www\\MajstorNaKlik\\project_MajstorNaKlik\\Dokumentacija\\Faza 5\\public\\index.php')
INFO - 2023-06-20 00:04:23 --> Session: Class initialized using 'CodeIgniter\Session\Handlers\FileHandler' driver.
CRITICAL - 2023-06-20 00:04:23 --> count(): Parameter must be an array or an object that implements Countable
in APPPATH\Controllers\BaseController.php on line 288.
 1 [internal function]: CodeIgniter\Debug\Exceptions->errorHandler(2, 'count(): Parameter must be an array or an object that implements Countable', 'C:\\wamp64\\www\\MajstorNaKlik\\project_MajstorNaKlik\\Dokumentacija\\Faza 5\\app\\Controllers\\BaseController.php', 288, [...])
 2 APPPATH\Controllers\BaseController.php(288): count(null)
 3 SYSTEMPATH\CodeIgniter.php(934): App\Controllers\BaseController->fetchNextResults()
 4 SYSTEMPATH\CodeIgniter.php(499): CodeIgniter\CodeIgniter->runController(Object(App\Controllers\Gost))
 5 SYSTEMPATH\CodeIgniter.php(368): CodeIgniter\CodeIgniter->handleRequest(null, Object(Config\Cache), false)
 6 FCPATH\index.php(67): CodeIgniter\CodeIgniter->run()
 7 SYSTEMPATH\Commands\Server\rewrite.php(47): require_once('C:\\wamp64\\www\\MajstorNaKlik\\project_MajstorNaKlik\\Dokumentacija\\Faza 5\\public\\index.php')
INFO - 2023-06-20 00:04:23 --> Session: Class initialized using 'CodeIgniter\Session\Handlers\FileHandler' driver.
CRITICAL - 2023-06-20 00:04:23 --> count(): Parameter must be an array or an object that implements Countable
in APPPATH\Controllers\BaseController.php on line 288.
 1 [internal function]: CodeIgniter\Debug\Exceptions->errorHandler(2, 'count(): Parameter must be an array or an object that implements Countable', 'C:\\wamp64\\www\\MajstorNaKlik\\project_MajstorNaKlik\\Dokumentacija\\Faza 5\\app\\Controllers\\BaseController.php', 288, [...])
 2 APPPATH\Controllers\BaseController.php(288): count(null)
 3 SYSTEMPATH\CodeIgniter.php(934): App\Controllers\BaseController->fetchNextResults()
 4 SYSTEMPATH\CodeIgniter.php(499): CodeIgniter\CodeIgniter->runController(Object(App\Controllers\Gost))
 5 SYSTEMPATH\CodeIgniter.php(368): CodeIgniter\CodeIgniter->handleRequest(null, Object(Config\Cache), false)
 6 FCPATH\index.php(67): CodeIgniter\CodeIgniter->run()
 7 SYSTEMPATH\Commands\Server\rewrite.php(47): require_once('C:\\wamp64\\www\\MajstorNaKlik\\project_MajstorNaKlik\\Dokumentacija\\Faza 5\\public\\index.php')
INFO - 2023-06-20 00:04:23 --> Session: Class initialized using 'CodeIgniter\Session\Handlers\FileHandler' driver.
CRITICAL - 2023-06-20 00:04:23 --> count(): Parameter must be an array or an object that implements Countable
in APPPATH\Controllers\BaseController.php on line 288.
 1 [internal function]: CodeIgniter\Debug\Exceptions->errorHandler(2, 'count(): Parameter must be an array or an object that implements Countable', 'C:\\wamp64\\www\\MajstorNaKlik\\project_MajstorNaKlik\\Dokumentacija\\Faza 5\\app\\Controllers\\BaseController.php', 288, [...])
 2 APPPATH\Controllers\BaseController.php(288): count(null)
 3 SYSTEMPATH\CodeIgniter.php(934): App\Controllers\BaseController->fetchNextResults()
 4 SYSTEMPATH\CodeIgniter.php(499): CodeIgniter\CodeIgniter->runController(Object(App\Controllers\Gost))
 5 SYSTEMPATH\CodeIgniter.php(368): CodeIgniter\CodeIgniter->handleRequest(null, Object(Config\Cache), false)
 6 FCPATH\index.php(67): CodeIgniter\CodeIgniter->run()
 7 SYSTEMPATH\Commands\Server\rewrite.php(47): require_once('C:\\wamp64\\www\\MajstorNaKlik\\project_MajstorNaKlik\\Dokumentacija\\Faza 5\\public\\index.php')
INFO - 2023-06-20 00:04:23 --> Session: Class initialized using 'CodeIgniter\Session\Handlers\FileHandler' driver.
CRITICAL - 2023-06-20 00:04:24 --> count(): Parameter must be an array or an object that implements Countable
in APPPATH\Controllers\BaseController.php on line 288.
 1 [internal function]: CodeIgniter\Debug\Exceptions->errorHandler(2, 'count(): Parameter must be an array or an object that implements Countable', 'C:\\wamp64\\www\\MajstorNaKlik\\project_MajstorNaKlik\\Dokumentacija\\Faza 5\\app\\Controllers\\BaseController.php', 288, [...])
 2 APPPATH\Controllers\BaseController.php(288): count(null)
 3 SYSTEMPATH\CodeIgniter.php(934): App\Controllers\BaseController->fetchNextResults()
 4 SYSTEMPATH\CodeIgniter.php(499): CodeIgniter\CodeIgniter->runController(Object(App\Controllers\Gost))
 5 SYSTEMPATH\CodeIgniter.php(368): CodeIgniter\CodeIgniter->handleRequest(null, Object(Config\Cache), false)
 6 FCPATH\index.php(67): CodeIgniter\CodeIgniter->run()
 7 SYSTEMPATH\Commands\Server\rewrite.php(47): require_once('C:\\wamp64\\www\\MajstorNaKlik\\project_MajstorNaKlik\\Dokumentacija\\Faza 5\\public\\index.php')
INFO - 2023-06-20 00:04:24 --> Session: Class initialized using 'CodeIgniter\Session\Handlers\FileHandler' driver.
CRITICAL - 2023-06-20 00:04:24 --> count(): Parameter must be an array or an object that implements Countable
in APPPATH\Controllers\BaseController.php on line 288.
 1 [internal function]: CodeIgniter\Debug\Exceptions->errorHandler(2, 'count(): Parameter must be an array or an object that implements Countable', 'C:\\wamp64\\www\\MajstorNaKlik\\project_MajstorNaKlik\\Dokumentacija\\Faza 5\\app\\Controllers\\BaseController.php', 288, [...])
 2 APPPATH\Controllers\BaseController.php(288): count(null)
 3 SYSTEMPATH\CodeIgniter.php(934): App\Controllers\BaseController->fetchNextResults()
 4 SYSTEMPATH\CodeIgniter.php(499): CodeIgniter\CodeIgniter->runController(Object(App\Controllers\Gost))
 5 SYSTEMPATH\CodeIgniter.php(368): CodeIgniter\CodeIgniter->handleRequest(null, Object(Config\Cache), false)
 6 FCPATH\index.php(67): CodeIgniter\CodeIgniter->run()
 7 SYSTEMPATH\Commands\Server\rewrite.php(47): require_once('C:\\wamp64\\www\\MajstorNaKlik\\project_MajstorNaKlik\\Dokumentacija\\Faza 5\\public\\index.php')
INFO - 2023-06-20 00:04:24 --> Session: Class initialized using 'CodeIgniter\Session\Handlers\FileHandler' driver.
CRITICAL - 2023-06-20 00:04:24 --> count(): Parameter must be an array or an object that implements Countable
in APPPATH\Controllers\BaseController.php on line 288.
 1 [internal function]: CodeIgniter\Debug\Exceptions->errorHandler(2, 'count(): Parameter must be an array or an object that implements Countable', 'C:\\wamp64\\www\\MajstorNaKlik\\project_MajstorNaKlik\\Dokumentacija\\Faza 5\\app\\Controllers\\BaseController.php', 288, [...])
 2 APPPATH\Controllers\BaseController.php(288): count(null)
 3 SYSTEMPATH\CodeIgniter.php(934): App\Controllers\BaseController->fetchNextResults()
 4 SYSTEMPATH\CodeIgniter.php(499): CodeIgniter\CodeIgniter->runController(Object(App\Controllers\Gost))
 5 SYSTEMPATH\CodeIgniter.php(368): CodeIgniter\CodeIgniter->handleRequest(null, Object(Config\Cache), false)
 6 FCPATH\index.php(67): CodeIgniter\CodeIgniter->run()
 7 SYSTEMPATH\Commands\Server\rewrite.php(47): require_once('C:\\wamp64\\www\\MajstorNaKlik\\project_MajstorNaKlik\\Dokumentacija\\Faza 5\\public\\index.php')
INFO - 2023-06-20 00:04:24 --> Session: Class initialized using 'CodeIgniter\Session\Handlers\FileHandler' driver.
CRITICAL - 2023-06-20 00:04:24 --> count(): Parameter must be an array or an object that implements Countable
in APPPATH\Controllers\BaseController.php on line 288.
 1 [internal function]: CodeIgniter\Debug\Exceptions->errorHandler(2, 'count(): Parameter must be an array or an object that implements Countable', 'C:\\wamp64\\www\\MajstorNaKlik\\project_MajstorNaKlik\\Dokumentacija\\Faza 5\\app\\Controllers\\BaseController.php', 288, [...])
 2 APPPATH\Controllers\BaseController.php(288): count(null)
 3 SYSTEMPATH\CodeIgniter.php(934): App\Controllers\BaseController->fetchNextResults()
 4 SYSTEMPATH\CodeIgniter.php(499): CodeIgniter\CodeIgniter->runController(Object(App\Controllers\Gost))
 5 SYSTEMPATH\CodeIgniter.php(368): CodeIgniter\CodeIgniter->handleRequest(null, Object(Config\Cache), false)
 6 FCPATH\index.php(67): CodeIgniter\CodeIgniter->run()
 7 SYSTEMPATH\Commands\Server\rewrite.php(47): require_once('C:\\wamp64\\www\\MajstorNaKlik\\project_MajstorNaKlik\\Dokumentacija\\Faza 5\\public\\index.php')
INFO - 2023-06-20 00:04:24 --> Session: Class initialized using 'CodeIgniter\Session\Handlers\FileHandler' driver.
CRITICAL - 2023-06-20 00:04:24 --> count(): Parameter must be an array or an object that implements Countable
in APPPATH\Controllers\BaseController.php on line 288.
 1 [internal function]: CodeIgniter\Debug\Exceptions->errorHandler(2, 'count(): Parameter must be an array or an object that implements Countable', 'C:\\wamp64\\www\\MajstorNaKlik\\project_MajstorNaKlik\\Dokumentacija\\Faza 5\\app\\Controllers\\BaseController.php', 288, [...])
 2 APPPATH\Controllers\BaseController.php(288): count(null)
 3 SYSTEMPATH\CodeIgniter.php(934): App\Controllers\BaseController->fetchNextResults()
 4 SYSTEMPATH\CodeIgniter.php(499): CodeIgniter\CodeIgniter->runController(Object(App\Controllers\Gost))
 5 SYSTEMPATH\CodeIgniter.php(368): CodeIgniter\CodeIgniter->handleRequest(null, Object(Config\Cache), false)
 6 FCPATH\index.php(67): CodeIgniter\CodeIgniter->run()
 7 SYSTEMPATH\Commands\Server\rewrite.php(47): require_once('C:\\wamp64\\www\\MajstorNaKlik\\project_MajstorNaKlik\\Dokumentacija\\Faza 5\\public\\index.php')
INFO - 2023-06-20 00:04:24 --> Session: Class initialized using 'CodeIgniter\Session\Handlers\FileHandler' driver.
CRITICAL - 2023-06-20 00:04:24 --> count(): Parameter must be an array or an object that implements Countable
in APPPATH\Controllers\BaseController.php on line 288.
 1 [internal function]: CodeIgniter\Debug\Exceptions->errorHandler(2, 'count(): Parameter must be an array or an object that implements Countable', 'C:\\wamp64\\www\\MajstorNaKlik\\project_MajstorNaKlik\\Dokumentacija\\Faza 5\\app\\Controllers\\BaseController.php', 288, [...])
 2 APPPATH\Controllers\BaseController.php(288): count(null)
 3 SYSTEMPATH\CodeIgniter.php(934): App\Controllers\BaseController->fetchNextResults()
 4 SYSTEMPATH\CodeIgniter.php(499): CodeIgniter\CodeIgniter->runController(Object(App\Controllers\Gost))
 5 SYSTEMPATH\CodeIgniter.php(368): CodeIgniter\CodeIgniter->handleRequest(null, Object(Config\Cache), false)
 6 FCPATH\index.php(67): CodeIgniter\CodeIgniter->run()
 7 SYSTEMPATH\Commands\Server\rewrite.php(47): require_once('C:\\wamp64\\www\\MajstorNaKlik\\project_MajstorNaKlik\\Dokumentacija\\Faza 5\\public\\index.php')
INFO - 2023-06-20 00:04:24 --> Session: Class initialized using 'CodeIgniter\Session\Handlers\FileHandler' driver.
CRITICAL - 2023-06-20 00:04:24 --> count(): Parameter must be an array or an object that implements Countable
in APPPATH\Controllers\BaseController.php on line 288.
 1 [internal function]: CodeIgniter\Debug\Exceptions->errorHandler(2, 'count(): Parameter must be an array or an object that implements Countable', 'C:\\wamp64\\www\\MajstorNaKlik\\project_MajstorNaKlik\\Dokumentacija\\Faza 5\\app\\Controllers\\BaseController.php', 288, [...])
 2 APPPATH\Controllers\BaseController.php(288): count(null)
 3 SYSTEMPATH\CodeIgniter.php(934): App\Controllers\BaseController->fetchNextResults()
 4 SYSTEMPATH\CodeIgniter.php(499): CodeIgniter\CodeIgniter->runController(Object(App\Controllers\Gost))
 5 SYSTEMPATH\CodeIgniter.php(368): CodeIgniter\CodeIgniter->handleRequest(null, Object(Config\Cache), false)
 6 FCPATH\index.php(67): CodeIgniter\CodeIgniter->run()
 7 SYSTEMPATH\Commands\Server\rewrite.php(47): require_once('C:\\wamp64\\www\\MajstorNaKlik\\project_MajstorNaKlik\\Dokumentacija\\Faza 5\\public\\index.php')
INFO - 2023-06-20 00:04:24 --> Session: Class initialized using 'CodeIgniter\Session\Handlers\FileHandler' driver.
CRITICAL - 2023-06-20 00:04:24 --> count(): Parameter must be an array or an object that implements Countable
in APPPATH\Controllers\BaseController.php on line 288.
 1 [internal function]: CodeIgniter\Debug\Exceptions->errorHandler(2, 'count(): Parameter must be an array or an object that implements Countable', 'C:\\wamp64\\www\\MajstorNaKlik\\project_MajstorNaKlik\\Dokumentacija\\Faza 5\\app\\Controllers\\BaseController.php', 288, [...])
 2 APPPATH\Controllers\BaseController.php(288): count(null)
 3 SYSTEMPATH\CodeIgniter.php(934): App\Controllers\BaseController->fetchNextResults()
 4 SYSTEMPATH\CodeIgniter.php(499): CodeIgniter\CodeIgniter->runController(Object(App\Controllers\Gost))
 5 SYSTEMPATH\CodeIgniter.php(368): CodeIgniter\CodeIgniter->handleRequest(null, Object(Config\Cache), false)
 6 FCPATH\index.php(67): CodeIgniter\CodeIgniter->run()
 7 SYSTEMPATH\Commands\Server\rewrite.php(47): require_once('C:\\wamp64\\www\\MajstorNaKlik\\project_MajstorNaKlik\\Dokumentacija\\Faza 5\\public\\index.php')
INFO - 2023-06-20 00:04:24 --> Session: Class initialized using 'CodeIgniter\Session\Handlers\FileHandler' driver.
CRITICAL - 2023-06-20 00:04:24 --> count(): Parameter must be an array or an object that implements Countable
in APPPATH\Controllers\BaseController.php on line 288.
 1 [internal function]: CodeIgniter\Debug\Exceptions->errorHandler(2, 'count(): Parameter must be an array or an object that implements Countable', 'C:\\wamp64\\www\\MajstorNaKlik\\project_MajstorNaKlik\\Dokumentacija\\Faza 5\\app\\Controllers\\BaseController.php', 288, [...])
 2 APPPATH\Controllers\BaseController.php(288): count(null)
 3 SYSTEMPATH\CodeIgniter.php(934): App\Controllers\BaseController->fetchNextResults()
 4 SYSTEMPATH\CodeIgniter.php(499): CodeIgniter\CodeIgniter->runController(Object(App\Controllers\Gost))
 5 SYSTEMPATH\CodeIgniter.php(368): CodeIgniter\CodeIgniter->handleRequest(null, Object(Config\Cache), false)
 6 FCPATH\index.php(67): CodeIgniter\CodeIgniter->run()
 7 SYSTEMPATH\Commands\Server\rewrite.php(47): require_once('C:\\wamp64\\www\\MajstorNaKlik\\project_MajstorNaKlik\\Dokumentacija\\Faza 5\\public\\index.php')
INFO - 2023-06-20 00:04:26 --> Session: Class initialized using 'CodeIgniter\Session\Handlers\FileHandler' driver.
INFO - 2023-06-20 00:04:26 --> Session: Class initialized using 'CodeIgniter\Session\Handlers\FileHandler' driver.
INFO - 2023-06-20 00:04:26 --> Session: Class initialized using 'CodeIgniter\Session\Handlers\FileHandler' driver.
INFO - 2023-06-20 00:04:26 --> Session: Class initialized using 'CodeIgniter\Session\Handlers\FileHandler' driver.
INFO - 2023-06-20 00:04:27 --> Session: Class initialized using 'CodeIgniter\Session\Handlers\FileHandler' driver.
INFO - 2023-06-20 00:04:27 --> Session: Class initialized using 'CodeIgniter\Session\Handlers\FileHandler' driver.
INFO - 2023-06-20 22:59:22 --> Session: Class initialized using 'CodeIgniter\Session\Handlers\FileHandler' driver.
INFO - 2023-06-20 22:59:25 --> Session: Class initialized using 'CodeIgniter\Session\Handlers\FileHandler' driver.
INFO - 2023-06-20 22:59:25 --> Session: Class initialized using 'CodeIgniter\Session\Handlers\FileHandler' driver.
INFO - 2023-06-20 22:59:27 --> Session: Class initialized using 'CodeIgniter\Session\Handlers\FileHandler' driver.
INFO - 2023-06-20 22:59:28 --> Session: Class initialized using 'CodeIgniter\Session\Handlers\FileHandler' driver.
INFO - 2023-06-20 22:59:28 --> Session: Class initialized using 'CodeIgniter\Session\Handlers\FileHandler' driver.
INFO - 2023-06-20 22:59:29 --> Session: Class initialized using 'CodeIgniter\Session\Handlers\FileHandler' driver.
INFO - 2023-06-20 22:59:29 --> Session: Class initialized using 'CodeIgniter\Session\Handlers\FileHandler' driver.
INFO - 2023-06-20 22:59:29 --> Session: Class initialized using 'CodeIgniter\Session\Handlers\FileHandler' driver.
INFO - 2023-06-20 22:59:30 --> Session: Class initialized using 'CodeIgniter\Session\Handlers\FileHandler' driver.
INFO - 2023-06-20 22:59:30 --> Session: Class initialized using 'CodeIgniter\Session\Handlers\FileHandler' driver.
INFO - 2023-06-20 22:59:30 --> Session: Class initialized using 'CodeIgniter\Session\Handlers\FileHandler' driver.
INFO - 2023-06-20 22:59:30 --> Session: Class initialized using 'CodeIgniter\Session\Handlers\FileHandler' driver.
INFO - 2023-06-20 22:59:30 --> Session: Class initialized using 'CodeIgniter\Session\Handlers\FileHandler' driver.
INFO - 2023-06-20 22:59:30 --> Session: Class initialized using 'CodeIgniter\Session\Handlers\FileHandler' driver.
INFO - 2023-06-20 22:59:30 --> Session: Class initialized using 'CodeIgniter\Session\Handlers\FileHandler' driver.
INFO - 2023-06-20 22:59:30 --> Session: Class initialized using 'CodeIgniter\Session\Handlers\FileHandler' driver.
INFO - 2023-06-20 22:59:31 --> Session: Class initialized using 'CodeIgniter\Session\Handlers\FileHandler' driver.
INFO - 2023-06-20 22:59:31 --> Session: Class initialized using 'CodeIgniter\Session\Handlers\FileHandler' driver.
INFO - 2023-06-20 22:59:31 --> Session: Class initialized using 'CodeIgniter\Session\Handlers\FileHandler' driver.
INFO - 2023-06-20 22:59:33 --> Session: Class initialized using 'CodeIgniter\Session\Handlers\FileHandler' driver.
INFO - 2023-06-20 22:59:33 --> Session: Class initialized using 'CodeIgniter\Session\Handlers\FileHandler' driver.
INFO - 2023-06-20 22:59:33 --> Session: Class initialized using 'CodeIgniter\Session\Handlers\FileHandler' driver.
INFO - 2023-06-20 22:59:34 --> Session: Class initialized using 'CodeIgniter\Session\Handlers\FileHandler' driver.
INFO - 2023-06-20 22:59:34 --> Session: Class initialized using 'CodeIgniter\Session\Handlers\FileHandler' driver.
INFO - 2023-06-20 22:59:34 --> Session: Class initialized using 'CodeIgniter\Session\Handlers\FileHandler' driver.
INFO - 2023-06-20 22:59:34 --> Session: Class initialized using 'CodeIgniter\Session\Handlers\FileHandler' driver.
INFO - 2023-06-20 22:59:34 --> Session: Class initialized using 'CodeIgniter\Session\Handlers\FileHandler' driver.
INFO - 2023-06-20 22:59:34 --> Session: Class initialized using 'CodeIgniter\Session\Handlers\FileHandler' driver.
INFO - 2023-06-20 22:59:34 --> Session: Class initialized using 'CodeIgniter\Session\Handlers\FileHandler' driver.
INFO - 2023-06-20 22:59:34 --> Session: Class initialized using 'CodeIgniter\Session\Handlers\FileHandler' driver.
INFO - 2023-06-20 22:59:34 --> Session: Class initialized using 'CodeIgniter\Session\Handlers\FileHandler' driver.
INFO - 2023-06-20 22:59:35 --> Session: Class initialized using 'CodeIgniter\Session\Handlers\FileHandler' driver.
INFO - 2023-06-20 22:59:35 --> Session: Class initialized using 'CodeIgniter\Session\Handlers\FileHandler' driver.
INFO - 2023-06-20 22:59:35 --> Session: Class initialized using 'CodeIgniter\Session\Handlers\FileHandler' driver.
INFO - 2023-06-20 22:59:35 --> Session: Class initialized using 'CodeIgniter\Session\Handlers\FileHandler' driver.
INFO - 2023-06-20 22:59:35 --> Session: Class initialized using 'CodeIgniter\Session\Handlers\FileHandler' driver.
INFO - 2023-06-20 22:59:35 --> Session: Class initialized using 'CodeIgniter\Session\Handlers\FileHandler' driver.
INFO - 2023-06-20 22:59:35 --> Session: Class initialized using 'CodeIgniter\Session\Handlers\FileHandler' driver.
INFO - 2023-06-20 22:59:36 --> Session: Class initialized using 'CodeIgniter\Session\Handlers\FileHandler' driver.
INFO - 2023-06-20 22:59:36 --> Session: Class initialized using 'CodeIgniter\Session\Handlers\FileHandler' driver.
INFO - 2023-06-20 22:59:37 --> Session: Class initialized using 'CodeIgniter\Session\Handlers\FileHandler' driver.
INFO - 2023-06-20 22:59:37 --> Session: Class initialized using 'CodeIgniter\Session\Handlers\FileHandler' driver.
INFO - 2023-06-20 22:59:38 --> Session: Class initialized using 'CodeIgniter\Session\Handlers\FileHandler' driver.
INFO - 2023-06-20 23:08:02 --> Session: Class initialized using 'CodeIgniter\Session\Handlers\FileHandler' driver.
INFO - 2023-06-20 23:08:03 --> Session: Class initialized using 'CodeIgniter\Session\Handlers\FileHandler' driver.
INFO - 2023-06-20 23:08:03 --> Session: Class initialized using 'CodeIgniter\Session\Handlers\FileHandler' driver.
